# JRE version: Java(TM) SE Runtime Environment (8.0_152-b16) (build 1.8.0_152-b16)
# Java VM: Java HotSpot(TM) Client VM (25.152-b16 mixed mode windows-x86 )
Heap:
 def new generation   total 172032K, used 145971K [0x10400000, 0x1bea0000, 0x25950000)
  eden space 152960K,  92% used [0x10400000, 0x18eb5680, 0x19960000)
  from space 19072K,  20% used [0x19960000, 0x19d37730, 0x1ac00000)
  to   space 19072K,   0% used [0x1ac00000, 0x1ac00000, 0x1bea0000)
 tenured generation   total 382132K, used 246552K [0x25950000, 0x3ce7d000, 0x50400000)
   the space 382132K,  64% used [0x25950000, 0x34a16018, 0x34a16200, 0x3ce7d000)
 Metaspace       used 43392K, capacity 45469K, committed 45568K, reserved 46464K
GC Heap History (10 events):
Event: 28442.815 GC heap before
{Heap before GC invocations=4609 (full 6):
 def new generation   total 172032K, used 160729K [0x10400000, 0x1bea0000, 0x25950000)
  eden space 152960K,  99% used [0x10400000, 0x198c79d0, 0x19960000)
  from space 19072K,  43% used [0x1ac00000, 0x1b42ea68, 0x1bea0000)
  to   space 19072K,   0% used [0x19960000, 0x19960000, 0x1ac00000)
 tenured generation   total 382132K, used 243595K [0x25950000, 0x3ce7d000, 0x50400000)
   the space 382132K,  63% used [0x25950000, 0x34732d88, 0x34732e00, 0x3ce7d000)
 Metaspace       used 43390K, capacity 45469K, committed 45568K, reserved 46464K
Event: 28442.844 GC heap after
Heap after GC invocations=4610 (full 6):
 def new generation   total 172032K, used 6490K [0x10400000, 0x1bea0000, 0x25950000)
  eden space 152960K,   0% used [0x10400000, 0x10400000, 0x19960000)
  from space 19072K,  34% used [0x19960000, 0x19fb6930, 0x1ac00000)
  to   space 19072K,   0% used [0x1ac00000, 0x1ac00000, 0x1bea0000)
 tenured generation   total 382132K, used 245475K [0x25950000, 0x3ce7d000, 0x50400000)
   the space 382132K,  64% used [0x25950000, 0x34908cb8, 0x34908e00, 0x3ce7d000)
 Metaspace       used 43390K, capacity 45469K, committed 45568K, reserved 46464K
}
Event: 28455.806 GC heap before
{Heap before GC invocations=4610 (full 6):
 def new generation   total 172032K, used 159450K [0x10400000, 0x1bea0000, 0x25950000)
  eden space 152960K, 100% used [0x10400000, 0x19960000, 0x19960000)
  from space 19072K,  34% used [0x19960000, 0x19fb6930, 0x1ac00000)
  to   space 19072K,   0% used [0x1ac00000, 0x1ac00000, 0x1bea0000)
 tenured generation   total 382132K, used 245475K [0x25950000, 0x3ce7d000, 0x50400000)
   the space 382132K,  64% used [0x25950000, 0x34908cb8, 0x34908e00, 0x3ce7d000)
 Metaspace       used 43390K, capacity 45469K, committed 45568K, reserved 46464K
Event: 28455.835 GC heap after
Heap after GC invocations=4611 (full 6):
 def new generation   total 172032K, used 6888K [0x10400000, 0x1bea0000, 0x25950000)
  eden space 152960K,   0% used [0x10400000, 0x10400000, 0x19960000)
  from space 19072K,  36% used [0x1ac00000, 0x1b2ba3f8, 0x1bea0000)
  to   space 19072K,   0% used [0x19960000, 0x19960000, 0x1ac00000)
 tenured generation   total 382132K, used 245604K [0x25950000, 0x3ce7d000, 0x50400000)
   the space 382132K,  64% used [0x25950000, 0x34929068, 0x34929200, 0x3ce7d000)
 Metaspace       used 43390K, capacity 45469K, committed 45568K, reserved 46464K
}
Event: 28456.650 GC heap before
{Heap before GC invocations=4611 (full 6):
 def new generation   total 172032K, used 159584K [0x10400000, 0x1bea0000, 0x25950000)
  eden space 152960K,  99% used [0x10400000, 0x1991dd00, 0x19960000)
  from space 19072K,  36% used [0x1ac00000, 0x1b2ba3f8, 0x1bea0000)
  to   space 19072K,   0% used [0x19960000, 0x19960000, 0x1ac00000)
 tenured generation   total 382132K, used 245604K [0x25950000, 0x3ce7d000, 0x50400000)
   the space 382132K,  64% used [0x25950000, 0x34929068, 0x34929200, 0x3ce7d000)
 Metaspace       used 43390K, capacity 45469K, committed 45568K, reserved 46464K
Event: 28456.675 GC heap after
Heap after GC invocations=4612 (full 6):
 def new generation   total 172032K, used 5727K [0x10400000, 0x1bea0000, 0x25950000)
  eden space 152960K,   0% used [0x10400000, 0x10400000, 0x19960000)
  from space 19072K,  30% used [0x19960000, 0x19ef7cd0, 0x1ac00000)
  to   space 19072K,   0% used [0x1ac00000, 0x1ac00000, 0x1bea0000)
 tenured generation   total 382132K, used 245606K [0x25950000, 0x3ce7d000, 0x50400000)
   the space 382132K,  64% used [0x25950000, 0x34929a50, 0x34929c00, 0x3ce7d000)
 Metaspace       used 43390K, capacity 45469K, committed 45568K, reserved 46464K
}
Event: 28465.634 GC heap before
{Heap before GC invocations=4612 (full 6):
 def new generation   total 172032K, used 157428K [0x10400000, 0x1bea0000, 0x25950000)
  eden space 152960K,  99% used [0x10400000, 0x19825688, 0x19960000)
  from space 19072K,  30% used [0x19960000, 0x19ef7cd0, 0x1ac00000)
  to   space 19072K,   0% used [0x1ac00000, 0x1ac00000, 0x1bea0000)
 tenured generation   total 382132K, used 245606K [0x25950000, 0x3ce7d000, 0x50400000)
   the space 382132K,  64% used [0x25950000, 0x34929a50, 0x34929c00, 0x3ce7d000)
 Metaspace       used 43390K, capacity 45469K, committed 45568K, reserved 46464K
Event: 28465.660 GC heap after
Heap after GC invocations=4613 (full 6):
 def new generation   total 172032K, used 6307K [0x10400000, 0x1bea0000, 0x25950000)
  eden space 152960K,   0% used [0x10400000, 0x10400000, 0x19960000)
  from space 19072K,  33% used [0x1ac00000, 0x1b228d80, 0x1bea0000)
  to   space 19072K,   0% used [0x19960000, 0x19960000, 0x1ac00000)
 tenured generation   total 382132K, used 246552K [0x25950000, 0x3ce7d000, 0x50400000)
   the space 382132K,  64% used [0x25950000, 0x34a16018, 0x34a16200, 0x3ce7d000)
 Metaspace       used 43390K, capacity 45469K, committed 45568K, reserved 46464K
}
Event: 28468.912 GC heap before
{Heap before GC invocations=4613 (full 6):
 def new generation   total 172032K, used 159267K [0x10400000, 0x1bea0000, 0x25950000)
  eden space 152960K, 100% used [0x10400000, 0x19960000, 0x19960000)
  from space 19072K,  33% used [0x1ac00000, 0x1b228d80, 0x1bea0000)
  to   space 19072K,   0% used [0x19960000, 0x19960000, 0x1ac00000)
 tenured generation   total 382132K, used 246552K [0x25950000, 0x3ce7d000, 0x50400000)
   the space 382132K,  64% used [0x25950000, 0x34a16018, 0x34a16200, 0x3ce7d000)
 Metaspace       used 43391K, capacity 45469K, committed 45568K, reserved 46464K
Event: 28468.932 GC heap after
Heap after GC invocations=4614 (full 6):
 def new generation   total 172032K, used 3933K [0x10400000, 0x1bea0000, 0x25950000)
  eden space 152960K,   0% used [0x10400000, 0x10400000, 0x19960000)
  from space 19072K,  20% used [0x19960000, 0x19d37730, 0x1ac00000)
  to   space 19072K,   0% used [0x1ac00000, 0x1ac00000, 0x1bea0000)
 tenured generation   total 382132K, used 246552K [0x25950000, 0x3ce7d000, 0x50400000)
   the space 382132K,  64% used [0x25950000, 0x34a16018, 0x34a16200, 0x3ce7d000)
 Metaspace       used 43391K, capacity 45469K, committed 45568K, reserved 46464K
}

